INFO:     Will watch for changes in these directories: ['C:\\Users\\Newag\\Documents\\Agente teste google\\borges_os']
INFO:     Uvicorn running on http://0.0.0.0:8000 (Press CTRL+C to quit)
INFO:     Started reloader process [33764] using StatReload
INFO:     Started server process [27776]
INFO:     Waiting for application startup.
INFO:     Application startup complete.
WARNING:  StatReload detected changes in 'api\routes\super_admin.py'. Reloading...
INFO:     Shutting down
INFO:     Waiting for application shutdown.
INFO:     Application shutdown complete.
INFO:     Finished server process [27776]
INFO:     Started server process [13332]
INFO:     Waiting for application startup.
INFO:     Application startup complete.
WARNING:  StatReload detected changes in 'cleanup_db.py'. Reloading...
INFO:     Shutting down
INFO:     Waiting for application shutdown.
INFO:     Application shutdown complete.
INFO:     Finished server process [13332]
INFO:     Started server process [39212]
INFO:     Waiting for application startup.
INFO:     Application startup complete.
WARNING:  StatReload detected changes in 'cleanup_db.py'. Reloading...
INFO:     Shutting down
INFO:     Finished server process [39212]
ERROR:    Traceback (most recent call last):
  File "C:\Users\Newag\AppData\Local\Programs\Python\Python313\Lib\asyncio\runners.py", line 195, in run
    return runner.run(main)
           ~~~~~~~~~~^^^^^^
  File "C:\Users\Newag\AppData\Local\Programs\Python\Python313\Lib\asyncio\runners.py", line 118, in run
    return self._loop.run_until_complete(task)
           ~~~~~~~~~~~~~~~~~~~~~~~~~~~~~^^^^^^
  File "C:\Users\Newag\AppData\Local\Programs\Python\Python313\Lib\asyncio\base_events.py", line 712, in run_until_complete
    self.run_forever()
    ~~~~~~~~~~~~~~~~^^
  File "C:\Users\Newag\AppData\Local\Programs\Python\Python313\Lib\asyncio\base_events.py", line 683, in run_forever
    self._run_once()
    ~~~~~~~~~~~~~~^^
  File "C:\Users\Newag\AppData\Local\Programs\Python\Python313\Lib\asyncio\base_events.py", line 2050, in _run_once
    handle._run()
    ~~~~~~~~~~~^^
  File "C:\Users\Newag\AppData\Local\Programs\Python\Python313\Lib\asyncio\events.py", line 89, in _run
    self._context.run(self._callback, *self._args)
    ~~~~~~~~~~~~~~~~~^^^^^^^^^^^^^^^^^^^^^^^^^^^^^
  File "C:\Users\Newag\Documents\Agente teste google\borges_os\venv\Lib\site-packages\uvicorn\server.py", line 69, in serve
    with self.capture_signals():
         ~~~~~~~~~~~~~~~~~~~~^^
  File "C:\Users\Newag\AppData\Local\Programs\Python\Python313\Lib\contextlib.py", line 148, in __exit__
    next(self.gen)
    ~~~~^^^^^^^^^^
  File "C:\Users\Newag\Documents\Agente teste google\borges_os\venv\Lib\site-packages\uvicorn\server.py", line 330, in capture_signals
    signal.raise_signal(captured_signal)
    ~~~~~~~~~~~~~~~~~~~^^^^^^^^^^^^^^^^^
  File "C:\Users\Newag\AppData\Local\Programs\Python\Python313\Lib\asyncio\runners.py", line 157, in _on_sigint
    raise KeyboardInterrupt()
KeyboardInterrupt

During handling of the above exception, another exception occurred:

Traceback (most recent call last):
  File "C:\Users\Newag\Documents\Agente teste google\borges_os\venv\Lib\site-packages\starlette\routing.py", line 700, in lifespan
    await receive()
  File "C:\Users\Newag\Documents\Agente teste google\borges_os\venv\Lib\site-packages\uvicorn\lifespan\on.py", line 137, in receive
    return await self.receive_queue.get()
           ^^^^^^^^^^^^^^^^^^^^^^^^^^^^^^
  File "C:\Users\Newag\AppData\Local\Programs\Python\Python313\Lib\asyncio\queues.py", line 186, in get
    await getter
asyncio.exceptions.CancelledError

INFO:     Started server process [39860]
INFO:     Waiting for application startup.
INFO:     Application startup complete.
WARNING:  StatReload detected changes in 'cleanup_db.py'. Reloading...
INFO:     Shutting down
INFO:     Waiting for application shutdown.
INFO:     Application shutdown complete.
INFO:     Finished server process [39860]
INFO:     Started server process [18440]
INFO:     Waiting for application startup.
INFO:     Application startup complete.
WARNING:  StatReload detected changes in 'api\routes\super_admin.py'. Reloading...
INFO:     ('127.0.0.1', 50195) - "WebSocket /api/v1/ws/inbox/stream?token=eyJhbGciOiJIUzI1NiIsInR5cCI6IkpXVCJ9.eyJzdWIiOiJmZTIwZDgxNS1iNDYzLTRmNjQtYjRhZC1iNWVhMTA5M2E3ZjQiLCJyb2xlIjoic3VwZXJfYWRtaW4iLCJ0ZW5hbnRfaWQiOiI5MTU4MzUzYS0xOTA1LTRlYjgtOTVkNi1lZDBhNWY5YmE2MTEiLCJleHAiOjE3NzI2NTI1MTB9.HTDHzZJ8W_bYI62SIg8F71bWsYzvq3JD3bSyI6jZ9k0" [accepted]
INFO:     connection open
INFO:     ('127.0.0.1', 56208) - "WebSocket /api/v1/ws/inbox/stream?token=eyJhbGciOiJIUzI1NiIsInR5cCI6IkpXVCJ9.eyJzdWIiOiJmZTIwZDgxNS1iNDYzLTRmNjQtYjRhZC1iNWVhMTA5M2E3ZjQiLCJyb2xlIjoic3VwZXJfYWRtaW4iLCJ0ZW5hbnRfaWQiOiI5MTU4MzUzYS0xOTA1LTRlYjgtOTVkNi1lZDBhNWY5YmE2MTEiLCJleHAiOjE3NzI2NTI1MTB9.HTDHzZJ8W_bYI62SIg8F71bWsYzvq3JD3bSyI6jZ9k0" [accepted]
INFO:     connection open
INFO:     ('127.0.0.1', 64844) - "WebSocket /api/v1/ws/inbox/stream?token=eyJhbGciOiJIUzI1NiIsInR5cCI6IkpXVCJ9.eyJzdWIiOiJmZTIwZDgxNS1iNDYzLTRmNjQtYjRhZC1iNWVhMTA5M2E3ZjQiLCJyb2xlIjoic3VwZXJfYWRtaW4iLCJ0ZW5hbnRfaWQiOiI5MTU4MzUzYS0xOTA1LTRlYjgtOTVkNi1lZDBhNWY5YmE2MTEiLCJleHAiOjE3NzI2NTI1MTB9.HTDHzZJ8W_bYI62SIg8F71bWsYzvq3JD3bSyI6jZ9k0" [accepted]
INFO:     connection open
INFO:     connection closed
INFO:     ('127.0.0.1', 49981) - "WebSocket /api/v1/ws/inbox/stream?token=eyJhbGciOiJIUzI1NiIsInR5cCI6IkpXVCJ9.eyJzdWIiOiJmZTIwZDgxNS1iNDYzLTRmNjQtYjRhZC1iNWVhMTA5M2E3ZjQiLCJyb2xlIjoic3VwZXJfYWRtaW4iLCJ0ZW5hbnRfaWQiOiI5MTU4MzUzYS0xOTA1LTRlYjgtOTVkNi1lZDBhNWY5YmE2MTEiLCJleHAiOjE3NzI2NTI1MTB9.HTDHzZJ8W_bYI62SIg8F71bWsYzvq3JD3bSyI6jZ9k0" [accepted]
INFO:     connection open
INFO:     connection closed
INFO:     ('127.0.0.1', 51220) - "WebSocket /api/v1/ws/inbox/stream?token=eyJhbGciOiJIUzI1NiIsInR5cCI6IkpXVCJ9.eyJzdWIiOiJmZTIwZDgxNS1iNDYzLTRmNjQtYjRhZC1iNWVhMTA5M2E3ZjQiLCJyb2xlIjoic3VwZXJfYWRtaW4iLCJ0ZW5hbnRfaWQiOiI5MTU4MzUzYS0xOTA1LTRlYjgtOTVkNi1lZDBhNWY5YmE2MTEiLCJleHAiOjE3NzI2NTI1MTB9.HTDHzZJ8W_bYI62SIg8F71bWsYzvq3JD3bSyI6jZ9k0" [accepted]
INFO:     connection open
INFO:     connection closed
INFO:     ('127.0.0.1', 54385) - "WebSocket /api/v1/ws/inbox/stream?token=eyJhbGciOiJIUzI1NiIsInR5cCI6IkpXVCJ9.eyJzdWIiOiJmZTIwZDgxNS1iNDYzLTRmNjQtYjRhZC1iNWVhMTA5M2E3ZjQiLCJyb2xlIjoic3VwZXJfYWRtaW4iLCJ0ZW5hbnRfaWQiOiI5MTU4MzUzYS0xOTA1LTRlYjgtOTVkNi1lZDBhNWY5YmE2MTEiLCJleHAiOjE3NzI2NzUxNjF9.QU7P0HKmU19rE8W9M2e3Cp8BS-70ixn28zHg09SICr0" [accepted]
INFO:     connection open
INFO:     ('127.0.0.1', 58870) - "WebSocket /api/v1/ws/inbox/stream?token=eyJhbGciOiJIUzI1NiIsInR5cCI6IkpXVCJ9.eyJzdWIiOiJmZTIwZDgxNS1iNDYzLTRmNjQtYjRhZC1iNWVhMTA5M2E3ZjQiLCJyb2xlIjoic3VwZXJfYWRtaW4iLCJ0ZW5hbnRfaWQiOiI5MTU4MzUzYS0xOTA1LTRlYjgtOTVkNi1lZDBhNWY5YmE2MTEiLCJleHAiOjE3NzI2NzUxNjF9.QU7P0HKmU19rE8W9M2e3Cp8BS-70ixn28zHg09SICr0" [accepted]
INFO:     connection open
INFO:     connection closed
INFO:     ('127.0.0.1', 60234) - "WebSocket /api/v1/ws/inbox/stream?token=eyJhbGciOiJIUzI1NiIsInR5cCI6IkpXVCJ9.eyJzdWIiOiJmZTIwZDgxNS1iNDYzLTRmNjQtYjRhZC1iNWVhMTA5M2E3ZjQiLCJyb2xlIjoic3VwZXJfYWRtaW4iLCJ0ZW5hbnRfaWQiOiI5MTU4MzUzYS0xOTA1LTRlYjgtOTVkNi1lZDBhNWY5YmE2MTEiLCJleHAiOjE3NzI2NzUxNjF9.QU7P0HKmU19rE8W9M2e3Cp8BS-70ixn28zHg09SICr0" [accepted]
INFO:     connection open
